2025-09-18 09:23:20,534 | INFO | root | 🚀 Aplicación iniciada y base de datos inicializada
2025-09-18 09:23:21,005 | INFO | root | ✅ Modelo YOLO cargado exitosamente
2025-09-18 09:23:21,164 | INFO | root | 📄 Página principal servida
2025-09-18 09:23:22,181 | INFO | root | ⏱️ Consulta de tiempos de permanencia
2025-09-18 09:23:26,679 | INFO | root | ⏱️ Consulta de tiempos de permanencia
2025-09-18 09:23:31,697 | INFO | root | ⏱️ Consulta de tiempos de permanencia
2025-09-18 09:23:36,671 | INFO | root | ⏱️ Consulta de tiempos de permanencia
2025-09-18 09:23:41,692 | INFO | root | ⏱️ Consulta de tiempos de permanencia
2025-09-18 09:23:46,691 | INFO | root | ⏱️ Consulta de tiempos de permanencia
2025-09-18 09:23:51,686 | INFO | root | ⏱️ Consulta de tiempos de permanencia
2025-09-18 09:23:56,672 | INFO | root | ⏱️ Consulta de tiempos de permanencia
2025-09-18 09:24:01,685 | INFO | root | ⏱️ Consulta de tiempos de permanencia
2025-09-18 09:24:06,675 | INFO | root | ⏱️ Consulta de tiempos de permanencia
2025-09-18 09:24:11,683 | INFO | root | ⏱️ Consulta de tiempos de permanencia
2025-09-18 09:24:16,683 | INFO | root | ⏱️ Consulta de tiempos de permanencia
2025-09-18 09:24:21,683 | INFO | root | ⏱️ Consulta de tiempos de permanencia
2025-09-18 09:24:26,670 | INFO | root | ⏱️ Consulta de tiempos de permanencia
2025-09-18 09:24:31,705 | INFO | root | ⏱️ Consulta de tiempos de permanencia
2025-09-18 09:24:36,677 | INFO | root | ⏱️ Consulta de tiempos de permanencia
2025-09-18 09:24:41,687 | INFO | root | ⏱️ Consulta de tiempos de permanencia
2025-09-18 09:24:46,688 | INFO | root | ⏱️ Consulta de tiempos de permanencia
2025-09-18 09:24:51,671 | INFO | root | ⏱️ Consulta de tiempos de permanencia
2025-09-18 09:24:56,672 | INFO | root | ⏱️ Consulta de tiempos de permanencia
2025-09-18 09:25:01,686 | INFO | root | ⏱️ Consulta de tiempos de permanencia
2025-09-18 09:25:06,665 | INFO | root | ⏱️ Consulta de tiempos de permanencia
2025-09-18 09:25:11,683 | INFO | root | ⏱️ Consulta de tiempos de permanencia
2025-09-18 09:25:16,675 | INFO | root | ⏱️ Consulta de tiempos de permanencia
2025-09-18 09:25:21,677 | INFO | root | ⏱️ Consulta de tiempos de permanencia
2025-09-18 09:25:24,416 | INFO | root | ✅ Cámara encendida
2025-09-18 09:25:25,564 | INFO | root | 📷 Cámara iniciada para streaming
2025-09-18 09:25:26,698 | INFO | root | ⏱️ Consulta de tiempos de permanencia
2025-09-18 09:25:31,692 | INFO | root | ⏱️ Consulta de tiempos de permanencia
2025-09-18 09:25:36,672 | INFO | root | ⏱️ Consulta de tiempos de permanencia
2025-09-18 09:25:41,688 | INFO | root | ⏱️ Consulta de tiempos de permanencia
2025-09-18 09:25:45,511 | INFO | root | 📑 Reporte diario generado
2025-09-18 09:25:46,669 | INFO | root | ⏱️ Consulta de tiempos de permanencia
2025-09-18 09:25:52,189 | INFO | root | ⏱️ Consulta de tiempos de permanencia
2025-09-18 09:25:54,128 | INFO | root | 📑 Reporte semanal generado
2025-09-18 09:25:56,672 | INFO | root | ⏱️ Consulta de tiempos de permanencia
2025-09-18 09:26:02,195 | INFO | root | ⏱️ Consulta de tiempos de permanencia
2025-09-18 09:26:07,108 | INFO | root | ⏱️ Consulta de tiempos de permanencia
2025-09-18 09:26:08,737 | INFO | root | 📑 Reporte mensual generado
2025-09-18 09:26:12,844 | INFO | root | ⏱️ Consulta de tiempos de permanencia
2025-09-18 09:26:16,670 | INFO | root | ⏱️ Consulta de tiempos de permanencia
2025-09-18 09:26:21,678 | INFO | root | ⏱️ Consulta de tiempos de permanencia
2025-09-18 09:26:26,669 | INFO | root | ⏱️ Consulta de tiempos de permanencia
2025-09-18 09:26:31,447 | INFO | root | 👤 Persona 1 entró
2025-09-18 09:26:31,679 | INFO | root | ⏱️ Consulta de tiempos de permanencia
2025-09-18 09:26:36,680 | INFO | root | ⏱️ Consulta de tiempos de permanencia
2025-09-18 09:26:41,680 | INFO | root | ⏱️ Consulta de tiempos de permanencia
2025-09-18 09:26:46,676 | INFO | root | ⏱️ Consulta de tiempos de permanencia
2025-09-18 09:26:51,680 | INFO | root | ⏱️ Consulta de tiempos de permanencia
2025-09-18 09:26:56,689 | INFO | root | ⏱️ Consulta de tiempos de permanencia
2025-09-18 09:27:01,685 | INFO | root | ⏱️ Consulta de tiempos de permanencia
2025-09-18 09:27:06,680 | INFO | root | ⏱️ Consulta de tiempos de permanencia
2025-09-18 09:27:11,678 | INFO | root | ⏱️ Consulta de tiempos de permanencia
2025-09-18 09:27:16,670 | INFO | root | ⏱️ Consulta de tiempos de permanencia
2025-09-18 09:27:21,677 | INFO | root | ⏱️ Consulta de tiempos de permanencia
2025-09-18 09:27:26,668 | INFO | root | ⏱️ Consulta de tiempos de permanencia
2025-09-18 09:27:34,178 | INFO | root | ⏱️ Consulta de tiempos de permanencia
2025-09-18 09:27:35,527 | INFO | root | 🛑 Cámara apagada
2025-09-18 09:27:36,673 | INFO | root | ⏱️ Consulta de tiempos de permanencia
2025-09-18 09:27:41,697 | INFO | root | ⏱️ Consulta de tiempos de permanencia
2025-09-18 09:27:46,674 | INFO | root | ⏱️ Consulta de tiempos de permanencia
2025-09-18 09:27:52,126 | INFO | root | ⏱️ Consulta de tiempos de permanencia
2025-09-18 09:27:56,683 | INFO | root | ⏱️ Consulta de tiempos de permanencia
2025-09-18 09:28:01,697 | INFO | root | ⏱️ Consulta de tiempos de permanencia
2025-09-18 09:28:06,670 | INFO | root | ⏱️ Consulta de tiempos de permanencia
2025-09-18 09:28:11,687 | INFO | root | ⏱️ Consulta de tiempos de permanencia
2025-09-18 09:28:16,669 | INFO | root | ⏱️ Consulta de tiempos de permanencia
2025-09-18 09:28:21,686 | INFO | root | ⏱️ Consulta de tiempos de permanencia
2025-09-18 09:28:26,667 | INFO | root | ⏱️ Consulta de tiempos de permanencia
2025-09-18 09:28:31,693 | INFO | root | ⏱️ Consulta de tiempos de permanencia
2025-09-18 09:28:36,671 | INFO | root | ⏱️ Consulta de tiempos de permanencia
2025-09-18 09:28:41,705 | INFO | root | ⏱️ Consulta de tiempos de permanencia
2025-09-18 09:28:46,683 | INFO | root | ⏱️ Consulta de tiempos de permanencia
2025-09-18 09:28:51,688 | INFO | root | ⏱️ Consulta de tiempos de permanencia
2025-09-18 09:28:56,670 | INFO | root | ⏱️ Consulta de tiempos de permanencia
2025-09-18 09:29:01,679 | INFO | root | ⏱️ Consulta de tiempos de permanencia
2025-09-18 09:29:06,679 | INFO | root | ⏱️ Consulta de tiempos de permanencia
2025-09-18 09:29:11,674 | INFO | root | ⏱️ Consulta de tiempos de permanencia
2025-09-18 09:29:16,673 | INFO | root | ⏱️ Consulta de tiempos de permanencia
2025-09-18 09:29:21,697 | INFO | root | ⏱️ Consulta de tiempos de permanencia
2025-09-18 09:29:26,673 | INFO | root | ⏱️ Consulta de tiempos de permanencia
2025-09-18 09:29:31,689 | INFO | root | ⏱️ Consulta de tiempos de permanencia
2025-09-18 09:29:36,680 | INFO | root | ⏱️ Consulta de tiempos de permanencia
2025-09-18 09:29:41,687 | INFO | root | ⏱️ Consulta de tiempos de permanencia
2025-09-18 09:29:46,674 | INFO | root | ⏱️ Consulta de tiempos de permanencia
2025-09-18 09:29:51,713 | INFO | root | ⏱️ Consulta de tiempos de permanencia
2025-09-18 09:29:56,680 | INFO | root | ⏱️ Consulta de tiempos de permanencia
2025-09-18 09:30:01,674 | INFO | root | ⏱️ Consulta de tiempos de permanencia
2025-09-18 09:30:06,672 | INFO | root | ⏱️ Consulta de tiempos de permanencia
2025-09-18 09:30:11,696 | INFO | root | ⏱️ Consulta de tiempos de permanencia
2025-09-18 09:30:16,689 | INFO | root | ⏱️ Consulta de tiempos de permanencia
2025-09-18 09:30:21,686 | INFO | root | ⏱️ Consulta de tiempos de permanencia
2025-09-18 09:30:26,666 | INFO | root | ⏱️ Consulta de tiempos de permanencia
2025-09-18 09:30:31,700 | INFO | root | ⏱️ Consulta de tiempos de permanencia
2025-09-18 09:30:36,672 | INFO | root | ⏱️ Consulta de tiempos de permanencia
2025-09-18 09:30:41,670 | INFO | root | ⏱️ Consulta de tiempos de permanencia
2025-09-18 09:30:46,679 | INFO | root | ⏱️ Consulta de tiempos de permanencia
2025-09-18 09:30:51,676 | INFO | root | ⏱️ Consulta de tiempos de permanencia
2025-09-18 09:30:56,672 | INFO | root | ⏱️ Consulta de tiempos de permanencia
2025-09-18 09:31:01,685 | INFO | root | ⏱️ Consulta de tiempos de permanencia
2025-09-18 09:31:06,666 | INFO | root | ⏱️ Consulta de tiempos de permanencia
2025-09-18 09:31:11,677 | INFO | root | ⏱️ Consulta de tiempos de permanencia
2025-09-18 09:31:16,673 | INFO | root | ⏱️ Consulta de tiempos de permanencia
2025-09-18 09:31:21,676 | INFO | root | ⏱️ Consulta de tiempos de permanencia
2025-09-18 09:31:26,671 | INFO | root | ⏱️ Consulta de tiempos de permanencia
2025-09-18 09:31:31,694 | INFO | root | ⏱️ Consulta de tiempos de permanencia
2025-09-18 09:31:36,666 | INFO | root | ⏱️ Consulta de tiempos de permanencia
2025-09-18 09:31:41,684 | INFO | root | ⏱️ Consulta de tiempos de permanencia
2025-09-18 09:31:46,683 | INFO | root | ⏱️ Consulta de tiempos de permanencia
2025-09-18 09:31:51,697 | INFO | root | ⏱️ Consulta de tiempos de permanencia
2025-09-18 09:31:56,676 | INFO | root | ⏱️ Consulta de tiempos de permanencia
2025-09-18 09:32:01,695 | INFO | root | ⏱️ Consulta de tiempos de permanencia
2025-09-18 09:32:06,670 | INFO | root | ⏱️ Consulta de tiempos de permanencia
2025-09-18 09:32:11,697 | INFO | root | ⏱️ Consulta de tiempos de permanencia
2025-09-18 09:32:16,677 | INFO | root | ⏱️ Consulta de tiempos de permanencia
2025-09-18 09:32:21,693 | INFO | root | ⏱️ Consulta de tiempos de permanencia
2025-09-18 09:32:26,683 | INFO | root | ⏱️ Consulta de tiempos de permanencia
2025-09-18 09:32:31,698 | INFO | root | ⏱️ Consulta de tiempos de permanencia
2025-09-18 09:32:36,675 | INFO | root | ⏱️ Consulta de tiempos de permanencia
2025-09-18 09:32:41,689 | INFO | root | ⏱️ Consulta de tiempos de permanencia
2025-09-18 09:32:46,681 | INFO | root | ⏱️ Consulta de tiempos de permanencia
2025-09-18 09:32:51,698 | INFO | root | ⏱️ Consulta de tiempos de permanencia
2025-09-18 09:32:56,689 | INFO | root | ⏱️ Consulta de tiempos de permanencia
2025-09-18 09:33:01,690 | INFO | root | ⏱️ Consulta de tiempos de permanencia
2025-09-18 09:33:06,679 | INFO | root | ⏱️ Consulta de tiempos de permanencia
2025-09-18 09:33:11,699 | INFO | root | ⏱️ Consulta de tiempos de permanencia
2025-09-18 09:33:16,672 | INFO | root | ⏱️ Consulta de tiempos de permanencia
2025-09-18 09:33:21,694 | INFO | root | ⏱️ Consulta de tiempos de permanencia
2025-09-18 09:33:26,676 | INFO | root | ⏱️ Consulta de tiempos de permanencia
2025-09-18 09:33:31,688 | INFO | root | ⏱️ Consulta de tiempos de permanencia
2025-09-18 09:33:36,686 | INFO | root | ⏱️ Consulta de tiempos de permanencia
2025-09-18 09:33:41,691 | INFO | root | ⏱️ Consulta de tiempos de permanencia
2025-09-18 09:33:46,671 | INFO | root | ⏱️ Consulta de tiempos de permanencia
2025-09-18 09:33:51,685 | INFO | root | ⏱️ Consulta de tiempos de permanencia
2025-09-18 09:33:56,679 | INFO | root | ⏱️ Consulta de tiempos de permanencia
2025-09-18 09:34:01,681 | INFO | root | ⏱️ Consulta de tiempos de permanencia
2025-09-18 09:34:06,668 | INFO | root | ⏱️ Consulta de tiempos de permanencia
2025-09-18 09:34:11,686 | INFO | root | ⏱️ Consulta de tiempos de permanencia
2025-09-18 09:34:16,680 | INFO | root | ⏱️ Consulta de tiempos de permanencia
2025-09-18 09:34:21,692 | INFO | root | ⏱️ Consulta de tiempos de permanencia
2025-09-18 09:34:26,674 | INFO | root | ⏱️ Consulta de tiempos de permanencia
2025-09-18 09:34:31,698 | INFO | root | ⏱️ Consulta de tiempos de permanencia
2025-09-18 09:34:36,669 | INFO | root | ⏱️ Consulta de tiempos de permanencia
2025-09-18 09:34:41,680 | INFO | root | ⏱️ Consulta de tiempos de permanencia
2025-09-18 09:34:46,681 | INFO | root | ⏱️ Consulta de tiempos de permanencia
2025-09-18 09:34:51,694 | INFO | root | ⏱️ Consulta de tiempos de permanencia
2025-09-18 09:34:56,667 | INFO | root | ⏱️ Consulta de tiempos de permanencia
2025-09-18 09:35:01,686 | INFO | root | ⏱️ Consulta de tiempos de permanencia
2025-09-18 09:35:06,675 | INFO | root | ⏱️ Consulta de tiempos de permanencia
2025-09-18 09:35:11,688 | INFO | root | ⏱️ Consulta de tiempos de permanencia
2025-09-18 09:35:16,668 | INFO | root | ⏱️ Consulta de tiempos de permanencia
2025-09-18 09:35:21,695 | INFO | root | ⏱️ Consulta de tiempos de permanencia
2025-09-18 09:35:26,675 | INFO | root | ⏱️ Consulta de tiempos de permanencia
2025-09-18 09:35:31,691 | INFO | root | ⏱️ Consulta de tiempos de permanencia
2025-09-18 09:35:36,679 | INFO | root | ⏱️ Consulta de tiempos de permanencia
2025-09-18 09:35:41,687 | INFO | root | ⏱️ Consulta de tiempos de permanencia
2025-09-18 09:35:46,669 | INFO | root | ⏱️ Consulta de tiempos de permanencia
2025-09-18 09:35:51,698 | INFO | root | ⏱️ Consulta de tiempos de permanencia
2025-09-18 09:35:56,678 | INFO | root | ⏱️ Consulta de tiempos de permanencia
2025-09-18 09:36:01,686 | INFO | root | ⏱️ Consulta de tiempos de permanencia
2025-09-18 09:36:06,675 | INFO | root | ⏱️ Consulta de tiempos de permanencia
2025-09-18 09:36:11,681 | INFO | root | ⏱️ Consulta de tiempos de permanencia
2025-09-18 09:36:16,677 | INFO | root | ⏱️ Consulta de tiempos de permanencia
2025-09-18 09:36:21,689 | INFO | root | ⏱️ Consulta de tiempos de permanencia
2025-09-18 09:36:26,682 | INFO | root | ⏱️ Consulta de tiempos de permanencia
2025-09-18 09:36:31,695 | INFO | root | ⏱️ Consulta de tiempos de permanencia
2025-09-18 09:36:36,677 | INFO | root | ⏱️ Consulta de tiempos de permanencia
2025-09-18 09:36:41,694 | INFO | root | ⏱️ Consulta de tiempos de permanencia
2025-09-18 09:36:46,686 | INFO | root | ⏱️ Consulta de tiempos de permanencia
2025-09-18 09:36:51,702 | INFO | root | ⏱️ Consulta de tiempos de permanencia
2025-09-18 09:36:56,665 | INFO | root | ⏱️ Consulta de tiempos de permanencia
2025-09-18 09:37:01,690 | INFO | root | ⏱️ Consulta de tiempos de permanencia
2025-09-18 09:37:06,675 | INFO | root | ⏱️ Consulta de tiempos de permanencia
2025-09-18 09:37:11,693 | INFO | root | ⏱️ Consulta de tiempos de permanencia
2025-09-18 09:37:16,684 | INFO | root | ⏱️ Consulta de tiempos de permanencia
2025-09-18 09:37:21,685 | INFO | root | ⏱️ Consulta de tiempos de permanencia
2025-09-18 09:37:26,672 | INFO | root | ⏱️ Consulta de tiempos de permanencia
2025-09-18 09:37:31,765 | INFO | root | ⏱️ Consulta de tiempos de permanencia
2025-09-18 09:37:36,682 | INFO | root | ⏱️ Consulta de tiempos de permanencia
2025-09-18 09:37:41,698 | INFO | root | ⏱️ Consulta de tiempos de permanencia
2025-09-18 09:37:46,669 | INFO | root | ⏱️ Consulta de tiempos de permanencia
2025-09-18 09:37:51,687 | INFO | root | ⏱️ Consulta de tiempos de permanencia
2025-09-18 09:37:56,673 | INFO | root | ⏱️ Consulta de tiempos de permanencia
2025-09-18 09:38:01,679 | INFO | root | ⏱️ Consulta de tiempos de permanencia
2025-09-18 09:38:06,681 | INFO | root | ⏱️ Consulta de tiempos de permanencia
2025-09-18 09:38:11,703 | INFO | root | ⏱️ Consulta de tiempos de permanencia
2025-09-18 09:38:16,681 | INFO | root | ⏱️ Consulta de tiempos de permanencia
2025-09-18 09:38:21,687 | INFO | root | ⏱️ Consulta de tiempos de permanencia
2025-09-18 09:38:26,685 | INFO | root | ⏱️ Consulta de tiempos de permanencia
2025-09-18 09:38:31,691 | INFO | root | ⏱️ Consulta de tiempos de permanencia
2025-09-18 09:38:36,675 | INFO | root | ⏱️ Consulta de tiempos de permanencia
2025-09-18 09:38:41,693 | INFO | root | ⏱️ Consulta de tiempos de permanencia
2025-09-18 09:38:46,679 | INFO | root | ⏱️ Consulta de tiempos de permanencia
2025-09-18 09:38:51,694 | INFO | root | ⏱️ Consulta de tiempos de permanencia
2025-09-18 09:38:56,670 | INFO | root | ⏱️ Consulta de tiempos de permanencia
2025-09-18 09:39:01,684 | INFO | root | ⏱️ Consulta de tiempos de permanencia
2025-09-18 09:39:06,674 | INFO | root | ⏱️ Consulta de tiempos de permanencia
2025-09-18 09:39:11,686 | INFO | root | ⏱️ Consulta de tiempos de permanencia
2025-09-18 09:39:16,683 | INFO | root | ⏱️ Consulta de tiempos de permanencia
2025-09-18 09:39:21,689 | INFO | root | ⏱️ Consulta de tiempos de permanencia
2025-09-18 09:39:26,674 | INFO | root | ⏱️ Consulta de tiempos de permanencia
2025-09-18 09:39:31,692 | INFO | root | ⏱️ Consulta de tiempos de permanencia
2025-09-18 09:39:36,675 | INFO | root | ⏱️ Consulta de tiempos de permanencia
2025-09-18 09:39:41,691 | INFO | root | ⏱️ Consulta de tiempos de permanencia
2025-09-18 09:39:46,668 | INFO | root | ⏱️ Consulta de tiempos de permanencia
2025-09-18 09:39:51,697 | INFO | root | ⏱️ Consulta de tiempos de permanencia
2025-09-18 09:39:56,674 | INFO | root | ⏱️ Consulta de tiempos de permanencia
2025-09-18 09:40:01,677 | INFO | root | ⏱️ Consulta de tiempos de permanencia
2025-09-18 09:40:06,687 | INFO | root | ⏱️ Consulta de tiempos de permanencia
2025-09-18 09:40:11,704 | INFO | root | ⏱️ Consulta de tiempos de permanencia
2025-09-18 09:40:16,686 | INFO | root | ⏱️ Consulta de tiempos de permanencia
2025-09-18 09:40:21,694 | INFO | root | ⏱️ Consulta de tiempos de permanencia
2025-09-18 09:40:26,681 | INFO | root | ⏱️ Consulta de tiempos de permanencia
2025-09-18 09:40:31,686 | INFO | root | ⏱️ Consulta de tiempos de permanencia
2025-09-18 09:40:36,697 | INFO | root | ⏱️ Consulta de tiempos de permanencia
2025-09-18 09:40:41,694 | INFO | root | ⏱️ Consulta de tiempos de permanencia
2025-09-18 09:40:46,686 | INFO | root | ⏱️ Consulta de tiempos de permanencia
2025-09-18 09:40:51,689 | INFO | root | ⏱️ Consulta de tiempos de permanencia
2025-09-18 09:40:56,681 | INFO | root | ⏱️ Consulta de tiempos de permanencia
2025-09-18 09:41:01,691 | INFO | root | ⏱️ Consulta de tiempos de permanencia
2025-09-18 09:41:06,681 | INFO | root | ⏱️ Consulta de tiempos de permanencia
2025-09-18 09:41:11,670 | INFO | root | ⏱️ Consulta de tiempos de permanencia
2025-09-18 09:41:16,688 | INFO | root | ⏱️ Consulta de tiempos de permanencia
2025-09-18 09:41:21,685 | INFO | root | ⏱️ Consulta de tiempos de permanencia
2025-09-18 09:41:26,687 | INFO | root | ⏱️ Consulta de tiempos de permanencia
2025-09-18 09:41:31,707 | INFO | root | ⏱️ Consulta de tiempos de permanencia
2025-09-18 09:41:36,672 | INFO | root | ⏱️ Consulta de tiempos de permanencia
2025-09-18 09:41:41,695 | INFO | root | ⏱️ Consulta de tiempos de permanencia
2025-09-18 09:41:46,685 | INFO | root | ⏱️ Consulta de tiempos de permanencia
2025-09-18 09:41:51,689 | INFO | root | ⏱️ Consulta de tiempos de permanencia
2025-09-18 09:41:56,680 | INFO | root | ⏱️ Consulta de tiempos de permanencia
2025-09-18 09:42:01,676 | INFO | root | ⏱️ Consulta de tiempos de permanencia
2025-09-18 09:42:06,666 | INFO | root | ⏱️ Consulta de tiempos de permanencia
2025-09-18 09:42:11,685 | INFO | root | ⏱️ Consulta de tiempos de permanencia
2025-09-18 09:42:16,692 | INFO | root | ⏱️ Consulta de tiempos de permanencia
2025-09-18 09:42:21,689 | INFO | root | ⏱️ Consulta de tiempos de permanencia
2025-09-18 09:42:26,672 | INFO | root | ⏱️ Consulta de tiempos de permanencia
2025-09-18 09:42:31,681 | INFO | root | ⏱️ Consulta de tiempos de permanencia
2025-09-18 09:42:36,682 | INFO | root | ⏱️ Consulta de tiempos de permanencia
2025-09-18 09:42:41,676 | INFO | root | ⏱️ Consulta de tiempos de permanencia
2025-09-18 09:42:46,676 | INFO | root | ⏱️ Consulta de tiempos de permanencia
2025-09-18 09:42:51,673 | INFO | root | ⏱️ Consulta de tiempos de permanencia
2025-09-18 09:42:56,667 | INFO | root | ⏱️ Consulta de tiempos de permanencia
2025-09-18 09:43:01,678 | INFO | root | ⏱️ Consulta de tiempos de permanencia
2025-09-18 09:43:06,669 | INFO | root | ⏱️ Consulta de tiempos de permanencia
2025-09-18 09:43:11,674 | INFO | root | ⏱️ Consulta de tiempos de permanencia
2025-09-18 09:43:16,676 | INFO | root | ⏱️ Consulta de tiempos de permanencia
2025-09-18 09:43:21,677 | INFO | root | ⏱️ Consulta de tiempos de permanencia
2025-09-18 09:43:26,678 | INFO | root | ⏱️ Consulta de tiempos de permanencia
2025-09-18 09:43:31,671 | INFO | root | ⏱️ Consulta de tiempos de permanencia
2025-09-18 09:43:36,671 | INFO | root | ⏱️ Consulta de tiempos de permanencia
2025-09-18 09:43:41,674 | INFO | root | ⏱️ Consulta de tiempos de permanencia
2025-09-18 09:43:46,677 | INFO | root | ⏱️ Consulta de tiempos de permanencia
2025-09-18 09:43:51,677 | INFO | root | ⏱️ Consulta de tiempos de permanencia
2025-09-18 09:43:56,681 | INFO | root | ⏱️ Consulta de tiempos de permanencia
2025-09-18 09:44:01,670 | INFO | root | ⏱️ Consulta de tiempos de permanencia
2025-09-18 09:44:06,671 | INFO | root | ⏱️ Consulta de tiempos de permanencia
2025-09-18 09:44:11,673 | INFO | root | ⏱️ Consulta de tiempos de permanencia
2025-09-18 09:44:16,671 | INFO | root | ⏱️ Consulta de tiempos de permanencia
2025-09-18 09:44:21,672 | INFO | root | ⏱️ Consulta de tiempos de permanencia
2025-09-18 09:44:26,677 | INFO | root | ⏱️ Consulta de tiempos de permanencia
2025-09-18 09:44:31,685 | INFO | root | ⏱️ Consulta de tiempos de permanencia
2025-09-18 09:44:36,670 | INFO | root | ⏱️ Consulta de tiempos de permanencia
2025-09-18 09:44:41,684 | INFO | root | ⏱️ Consulta de tiempos de permanencia
2025-09-18 09:44:46,692 | INFO | root | ⏱️ Consulta de tiempos de permanencia
2025-09-18 09:44:51,678 | INFO | root | ⏱️ Consulta de tiempos de permanencia
2025-09-18 09:44:56,672 | INFO | root | ⏱️ Consulta de tiempos de permanencia
2025-09-18 09:45:01,680 | INFO | root | ⏱️ Consulta de tiempos de permanencia
2025-09-18 09:45:06,671 | INFO | root | ⏱️ Consulta de tiempos de permanencia
2025-09-18 09:45:11,694 | INFO | root | ⏱️ Consulta de tiempos de permanencia
2025-09-18 09:45:16,667 | INFO | root | ⏱️ Consulta de tiempos de permanencia
2025-09-18 09:45:21,676 | INFO | root | ⏱️ Consulta de tiempos de permanencia
2025-09-18 09:45:26,681 | INFO | root | ⏱️ Consulta de tiempos de permanencia
2025-09-18 09:45:31,686 | INFO | root | ⏱️ Consulta de tiempos de permanencia
2025-09-18 09:45:36,665 | INFO | root | ⏱️ Consulta de tiempos de permanencia
2025-09-18 09:45:41,682 | INFO | root | ⏱️ Consulta de tiempos de permanencia
2025-09-18 09:45:46,665 | INFO | root | ⏱️ Consulta de tiempos de permanencia
2025-09-18 09:45:51,677 | INFO | root | ⏱️ Consulta de tiempos de permanencia
2025-09-18 09:45:56,683 | INFO | root | ⏱️ Consulta de tiempos de permanencia
2025-09-18 09:46:01,694 | INFO | root | ⏱️ Consulta de tiempos de permanencia
2025-09-18 09:46:06,670 | INFO | root | ⏱️ Consulta de tiempos de permanencia
2025-09-18 09:46:11,706 | INFO | root | ⏱️ Consulta de tiempos de permanencia
2025-09-18 09:46:16,685 | INFO | root | ⏱️ Consulta de tiempos de permanencia
2025-09-18 09:46:21,687 | INFO | root | ⏱️ Consulta de tiempos de permanencia
2025-09-18 09:46:26,678 | INFO | root | ⏱️ Consulta de tiempos de permanencia
2025-09-18 09:46:31,689 | INFO | root | ⏱️ Consulta de tiempos de permanencia
2025-09-18 09:46:36,684 | INFO | root | ⏱️ Consulta de tiempos de permanencia
2025-09-18 09:46:41,687 | INFO | root | ⏱️ Consulta de tiempos de permanencia
2025-09-18 09:46:46,670 | INFO | root | ⏱️ Consulta de tiempos de permanencia
2025-09-18 09:46:51,677 | INFO | root | ⏱️ Consulta de tiempos de permanencia
2025-09-18 09:46:56,674 | INFO | root | ⏱️ Consulta de tiempos de permanencia
2025-09-18 09:47:01,692 | INFO | root | ⏱️ Consulta de tiempos de permanencia
2025-09-18 09:47:06,683 | INFO | root | ⏱️ Consulta de tiempos de permanencia
2025-09-18 09:47:11,685 | INFO | root | ⏱️ Consulta de tiempos de permanencia
2025-09-18 09:47:16,678 | INFO | root | ⏱️ Consulta de tiempos de permanencia
2025-09-18 09:47:21,689 | INFO | root | ⏱️ Consulta de tiempos de permanencia
2025-09-18 09:47:26,680 | INFO | root | ⏱️ Consulta de tiempos de permanencia
2025-09-18 09:47:31,690 | INFO | root | ⏱️ Consulta de tiempos de permanencia
2025-09-18 09:47:36,682 | INFO | root | ⏱️ Consulta de tiempos de permanencia
2025-09-18 09:47:41,715 | INFO | root | ⏱️ Consulta de tiempos de permanencia
2025-09-18 09:47:46,689 | INFO | root | ⏱️ Consulta de tiempos de permanencia
2025-09-18 09:47:51,686 | INFO | root | ⏱️ Consulta de tiempos de permanencia
2025-09-18 09:47:56,685 | INFO | root | ⏱️ Consulta de tiempos de permanencia
2025-09-18 09:48:01,704 | INFO | root | ⏱️ Consulta de tiempos de permanencia
2025-09-18 09:48:06,677 | INFO | root | ⏱️ Consulta de tiempos de permanencia
2025-09-18 09:48:11,681 | INFO | root | ⏱️ Consulta de tiempos de permanencia
2025-09-18 09:48:16,669 | INFO | root | ⏱️ Consulta de tiempos de permanencia
2025-09-18 09:48:21,714 | INFO | root | ⏱️ Consulta de tiempos de permanencia
2025-09-18 09:48:26,683 | INFO | root | ⏱️ Consulta de tiempos de permanencia
2025-09-18 09:48:31,688 | INFO | root | ⏱️ Consulta de tiempos de permanencia
2025-09-18 09:48:36,669 | INFO | root | ⏱️ Consulta de tiempos de permanencia
2025-09-18 09:48:41,696 | INFO | root | ⏱️ Consulta de tiempos de permanencia
2025-09-18 09:48:46,669 | INFO | root | ⏱️ Consulta de tiempos de permanencia
2025-09-18 09:48:51,681 | INFO | root | ⏱️ Consulta de tiempos de permanencia
2025-09-18 09:48:56,677 | INFO | root | ⏱️ Consulta de tiempos de permanencia
2025-09-18 09:49:01,681 | INFO | root | ⏱️ Consulta de tiempos de permanencia
2025-09-18 09:49:06,681 | INFO | root | ⏱️ Consulta de tiempos de permanencia
2025-09-18 09:49:11,698 | INFO | root | ⏱️ Consulta de tiempos de permanencia
2025-09-18 09:49:16,676 | INFO | root | ⏱️ Consulta de tiempos de permanencia
2025-09-18 09:49:21,705 | INFO | root | ⏱️ Consulta de tiempos de permanencia
2025-09-18 09:49:26,695 | INFO | root | ⏱️ Consulta de tiempos de permanencia
2025-09-18 09:49:31,682 | INFO | root | ⏱️ Consulta de tiempos de permanencia
2025-09-18 09:49:36,670 | INFO | root | ⏱️ Consulta de tiempos de permanencia
2025-09-18 09:49:41,688 | INFO | root | ⏱️ Consulta de tiempos de permanencia
2025-09-18 09:49:46,697 | INFO | root | ⏱️ Consulta de tiempos de permanencia
2025-09-18 09:49:51,689 | INFO | root | ⏱️ Consulta de tiempos de permanencia
2025-09-18 09:49:56,670 | INFO | root | ⏱️ Consulta de tiempos de permanencia
2025-09-18 09:50:01,789 | INFO | root | ⏱️ Consulta de tiempos de permanencia
2025-09-18 09:50:06,693 | INFO | root | ⏱️ Consulta de tiempos de permanencia
2025-09-18 09:50:11,701 | INFO | root | ⏱️ Consulta de tiempos de permanencia
2025-09-18 09:50:16,682 | INFO | root | ⏱️ Consulta de tiempos de permanencia
2025-09-18 09:50:22,121 | INFO | root | ⏱️ Consulta de tiempos de permanencia
2025-09-18 10:19:54,513 | INFO | root | 🚀 Aplicación iniciada y base de datos inicializada
2025-09-18 10:19:54,954 | INFO | root | ✅ Modelo YOLO cargado exitosamente
2025-09-18 10:20:22,508 | INFO | root | 📄 Página principal servida
2025-09-18 10:20:23,880 | INFO | root | ⏱️ Consulta de tiempos de permanencia
2025-09-18 10:20:28,126 | INFO | root | ⏱️ Consulta de tiempos de permanencia
2025-09-18 10:20:33,057 | INFO | root | ⏱️ Consulta de tiempos de permanencia
2025-09-18 10:20:37,682 | INFO | root | ⏱️ Consulta de tiempos de permanencia
2025-09-18 10:20:42,711 | INFO | root | ⏱️ Consulta de tiempos de permanencia
2025-09-18 10:20:47,687 | INFO | root | ⏱️ Consulta de tiempos de permanencia
2025-09-18 10:20:52,710 | INFO | root | ⏱️ Consulta de tiempos de permanencia
2025-09-18 10:20:57,678 | INFO | root | ⏱️ Consulta de tiempos de permanencia
2025-09-18 10:20:59,199 | INFO | root | ✅ Cámara encendida
2025-09-18 10:21:00,298 | INFO | root | 📷 Cámara iniciada para streaming
2025-09-18 10:21:02,685 | INFO | root | ⏱️ Consulta de tiempos de permanencia
2025-09-18 10:21:07,692 | INFO | root | ⏱️ Consulta de tiempos de permanencia
2025-09-18 10:21:12,704 | INFO | root | ⏱️ Consulta de tiempos de permanencia
2025-09-18 10:21:17,685 | INFO | root | ⏱️ Consulta de tiempos de permanencia
2025-09-18 10:21:22,704 | INFO | root | ⏱️ Consulta de tiempos de permanencia
2025-09-18 10:21:27,693 | INFO | root | ⏱️ Consulta de tiempos de permanencia
2025-09-18 10:21:28,372 | INFO | root | 📑 Reporte diario generado
2025-09-18 10:21:32,019 | INFO | root | 📑 Reporte semanal generado
2025-09-18 10:21:32,718 | INFO | root | ⏱️ Consulta de tiempos de permanencia
2025-09-18 10:21:34,698 | INFO | root | 📑 Reporte mensual generado
2025-09-18 10:21:37,690 | INFO | root | ⏱️ Consulta de tiempos de permanencia
2025-09-18 10:21:42,687 | INFO | root | ⏱️ Consulta de tiempos de permanencia
2025-09-18 10:21:47,680 | INFO | root | ⏱️ Consulta de tiempos de permanencia
2025-09-18 10:21:52,695 | INFO | root | ⏱️ Consulta de tiempos de permanencia
2025-09-18 10:21:57,677 | INFO | root | ⏱️ Consulta de tiempos de permanencia
2025-09-18 10:22:02,693 | INFO | root | ⏱️ Consulta de tiempos de permanencia
2025-09-18 10:22:06,465 | INFO | root | 🛑 Cámara apagada
2025-09-18 10:22:07,678 | INFO | root | ⏱️ Consulta de tiempos de permanencia
2025-09-18 10:22:12,684 | INFO | root | ⏱️ Consulta de tiempos de permanencia
2025-09-18 10:22:17,690 | INFO | root | ⏱️ Consulta de tiempos de permanencia
2025-09-18 10:22:22,688 | INFO | root | ⏱️ Consulta de tiempos de permanencia
2025-09-18 10:22:27,690 | INFO | root | ⏱️ Consulta de tiempos de permanencia
2025-09-18 10:22:32,711 | INFO | root | ⏱️ Consulta de tiempos de permanencia
2025-09-18 10:22:37,681 | INFO | root | ⏱️ Consulta de tiempos de permanencia
2025-09-18 10:22:42,701 | INFO | root | ⏱️ Consulta de tiempos de permanencia
2025-09-18 10:22:48,117 | INFO | root | ⏱️ Consulta de tiempos de permanencia
2025-09-18 10:22:52,709 | INFO | root | ⏱️ Consulta de tiempos de permanencia
2025-09-18 10:22:57,681 | INFO | root | ⏱️ Consulta de tiempos de permanencia
2025-09-18 10:23:02,682 | INFO | root | ⏱️ Consulta de tiempos de permanencia
2025-09-18 10:23:07,687 | INFO | root | ⏱️ Consulta de tiempos de permanencia
2025-09-18 10:23:12,685 | INFO | root | ⏱️ Consulta de tiempos de permanencia
2025-09-18 10:23:17,677 | INFO | root | ⏱️ Consulta de tiempos de permanencia
2025-09-18 10:23:22,714 | INFO | root | ⏱️ Consulta de tiempos de permanencia
2025-09-18 10:23:27,938 | INFO | root | ⏱️ Consulta de tiempos de permanencia
2025-09-18 10:45:28,304 | INFO | root | 📄 Página principal servida
2025-09-18 10:45:29,357 | INFO | root | ⏱️ Consulta de tiempos de permanencia
2025-09-18 10:45:33,996 | INFO | root | ⏱️ Consulta de tiempos de permanencia
2025-09-18 10:45:38,993 | INFO | root | ⏱️ Consulta de tiempos de permanencia
2025-09-18 10:45:40,718 | INFO | root | 🚀 Aplicación iniciada y base de datos inicializada
2025-09-18 10:45:41,262 | INFO | root | ✅ Modelo YOLO cargado exitosamente
2025-09-18 10:45:43,976 | INFO | root | ⏱️ Consulta de tiempos de permanencia
2025-09-18 10:45:49,173 | INFO | root | ⏱️ Consulta de tiempos de permanencia
2025-09-18 10:45:53,990 | INFO | root | ⏱️ Consulta de tiempos de permanencia
2025-09-18 10:45:59,015 | INFO | root | ⏱️ Consulta de tiempos de permanencia
2025-09-18 10:46:03,980 | INFO | root | ⏱️ Consulta de tiempos de permanencia
2025-09-18 10:46:09,005 | INFO | root | ⏱️ Consulta de tiempos de permanencia
2025-09-18 10:46:13,984 | INFO | root | ⏱️ Consulta de tiempos de permanencia
2025-09-18 10:46:18,757 | INFO | root | ✅ Cámara encendida
2025-09-18 10:46:19,001 | INFO | root | ⏱️ Consulta de tiempos de permanencia
2025-09-18 10:46:23,976 | INFO | root | ⏱️ Consulta de tiempos de permanencia
2025-09-18 10:46:24,278 | INFO | root | 🛑 Cámara apagada
2025-09-18 10:46:26,960 | INFO | root | ✅ Cámara encendida
2025-09-18 10:46:28,985 | INFO | root | ⏱️ Consulta de tiempos de permanencia
2025-09-18 10:46:29,976 | INFO | root | 🛑 Cámara apagada
2025-09-18 10:46:32,719 | INFO | root | ✅ Cámara encendida
2025-09-18 10:46:33,974 | INFO | root | ⏱️ Consulta de tiempos de permanencia
2025-09-18 10:46:35,054 | INFO | root | 🛑 Cámara apagada
2025-09-18 10:46:37,334 | INFO | root | ✅ Cámara encendida
2025-09-18 10:46:39,003 | INFO | root | ⏱️ Consulta de tiempos de permanencia
2025-09-18 10:46:44,113 | INFO | root | ⏱️ Consulta de tiempos de permanencia
2025-09-18 10:46:49,129 | INFO | root | ⏱️ Consulta de tiempos de permanencia
2025-09-18 10:46:54,123 | INFO | root | ⏱️ Consulta de tiempos de permanencia
2025-09-18 10:46:59,115 | INFO | root | ⏱️ Consulta de tiempos de permanencia
2025-09-18 10:47:00,439 | INFO | root | 🛑 Cámara apagada
2025-09-18 10:47:01,798 | INFO | root | ✅ Cámara encendida
2025-09-18 10:47:02,758 | INFO | root | 🛑 Cámara apagada
2025-09-18 10:47:03,991 | INFO | root | ⏱️ Consulta de tiempos de permanencia
2025-09-18 10:47:04,029 | INFO | root | ✅ Cámara encendida
2025-09-18 10:49:19,337 | INFO | root | 🚀 Aplicación iniciada y base de datos inicializada
2025-09-18 10:49:19,801 | INFO | root | ✅ Modelo YOLO cargado exitosamente
2025-09-18 10:49:24,110 | INFO | root | 📄 Página principal servida
2025-09-18 10:49:24,880 | INFO | root | ⏱️ Consulta de tiempos de permanencia
2025-09-18 10:49:28,873 | INFO | root | ✅ Cámara encendida
2025-09-18 10:49:29,481 | INFO | root | ⏱️ Consulta de tiempos de permanencia
2025-09-18 10:49:30,316 | INFO | root | 📷 Cámara iniciada para streaming
2025-09-18 10:49:34,451 | INFO | root | ⏱️ Consulta de tiempos de permanencia
2025-09-18 10:49:39,443 | INFO | root | ⏱️ Consulta de tiempos de permanencia
2025-09-18 10:49:44,459 | INFO | root | ⏱️ Consulta de tiempos de permanencia
2025-09-18 10:49:49,455 | INFO | root | ⏱️ Consulta de tiempos de permanencia
2025-09-18 10:49:53,236 | INFO | root | 🛑 Cámara apagada
2025-09-18 10:49:54,454 | INFO | root | ⏱️ Consulta de tiempos de permanencia
2025-09-18 10:49:59,444 | INFO | root | ⏱️ Consulta de tiempos de permanencia
2025-09-18 10:50:04,513 | INFO | root | ⏱️ Consulta de tiempos de permanencia
2025-09-18 10:50:09,444 | INFO | root | ⏱️ Consulta de tiempos de permanencia
2025-09-18 10:50:14,463 | INFO | root | ⏱️ Consulta de tiempos de permanencia
2025-09-18 10:50:19,450 | INFO | root | ⏱️ Consulta de tiempos de permanencia
2025-09-18 10:50:24,473 | INFO | root | ⏱️ Consulta de tiempos de permanencia
2025-09-18 10:50:29,440 | INFO | root | ⏱️ Consulta de tiempos de permanencia
2025-09-18 10:50:34,481 | INFO | root | ⏱️ Consulta de tiempos de permanencia
2025-09-18 10:50:40,567 | INFO | root | ⏱️ Consulta de tiempos de permanencia
2025-09-18 10:50:45,303 | INFO | root | ⏱️ Consulta de tiempos de permanencia
2025-09-18 10:50:49,846 | INFO | root | ⏱️ Consulta de tiempos de permanencia
